0 info it worked if it ends with ok
1 verbose cli [ '/home/ravi/Downloads/linux-tools/node-v4.2.2-linux-x64/bin/node',
1 verbose cli   '/usr/local/bin/npm',
1 verbose cli   'start' ]
2 info using npm@3.5.3
3 info using node@v4.2.2
4 verbose run-script [ 'prestart', 'start', 'poststart' ]
5 info lifecycle firstApp@0.0.0~prestart: firstApp@0.0.0
6 silly lifecycle firstApp@0.0.0~prestart: no script for prestart, continuing
7 info lifecycle firstApp@0.0.0~start: firstApp@0.0.0
8 verbose lifecycle firstApp@0.0.0~start: unsafe-perm in lifecycle true
9 verbose lifecycle firstApp@0.0.0~start: PATH: /usr/local/lib/node_modules/npm/bin/node-gyp-bin:/home/ravi/Desktop/firstApp/node_modules/.bin:/usr/local/sbin:/usr/local/bin:/usr/sbin:/usr/bin:/sbin:/bin:/usr/games:/usr/local/games
10 verbose lifecycle firstApp@0.0.0~start: CWD: /home/ravi/Desktop/firstApp
11 silly lifecycle firstApp@0.0.0~start: Args: [ '-c', 'node ./bin/www' ]
12 silly lifecycle firstApp@0.0.0~start: Returned: code: 1  signal: null
13 info lifecycle firstApp@0.0.0~start: Failed to exec start script
14 verbose stack Error: firstApp@0.0.0 start: `node ./bin/www`
14 verbose stack Exit status 1
14 verbose stack     at EventEmitter.<anonymous> (/usr/local/lib/node_modules/npm/lib/utils/lifecycle.js:232:16)
14 verbose stack     at emitTwo (events.js:87:13)
14 verbose stack     at EventEmitter.emit (events.js:172:7)
14 verbose stack     at ChildProcess.<anonymous> (/usr/local/lib/node_modules/npm/lib/utils/spawn.js:24:14)
14 verbose stack     at emitTwo (events.js:87:13)
14 verbose stack     at ChildProcess.emit (events.js:172:7)
14 verbose stack     at maybeClose (internal/child_process.js:818:16)
14 verbose stack     at Process.ChildProcess._handle.onexit (internal/child_process.js:211:5)
15 verbose pkgid firstApp@0.0.0
16 verbose cwd /home/ravi/Desktop/firstApp
17 error Linux 3.19.0-37-generic
18 error argv "/home/ravi/Downloads/linux-tools/node-v4.2.2-linux-x64/bin/node" "/usr/local/bin/npm" "start"
19 error node v4.2.2
20 error npm  v3.5.3
21 error code ELIFECYCLE
22 error firstApp@0.0.0 start: `node ./bin/www`
22 error Exit status 1
23 error Failed at the firstApp@0.0.0 start script 'node ./bin/www'.
23 error Make sure you have the latest version of node.js and npm installed.
23 error If you do, this is most likely a problem with the firstApp package,
23 error not with npm itself.
23 error Tell the author that this fails on your system:
23 error     node ./bin/www
23 error You can get information on how to open an issue for this project with:
23 error     npm bugs firstApp
23 error Or if that isn't available, you can get their info via:
23 error     npm owner ls firstApp
23 error There is likely additional logging output above.
24 verbose exit [ 1, true ]
